[INFO] 07:20:47:779 discordiador/(4125:4125): soy un log
[INFO] 07:20:47:780 discordiador/(4125:4125): Hola, soy un valor
[INFO] 07:20:47:780 discordiador/(4125:4125): Hola, soy un valor
[INFO] 07:43:54:70 discordiador/(5202:5202): soy un log
[INFO] 07:43:54:72 discordiador/(5202:5202): Hola, soy un valor
[INFO] 07:43:54:72 discordiador/(5202:5202): Hola, soy un valor
[INFO] 07:50:54:570 discordiador/(5413:5413): soy un log
[INFO] 07:50:54:571 discordiador/(5413:5413): Hola, soy un valor
[INFO] 07:50:54:573 discordiador/(5413:5413): Hola, soy un valor
[INFO] 07:52:19:875 discordiador/(5461:5461): soy un log
[INFO] 07:52:19:878 discordiador/(5461:5461): Hola, soy un valor
[INFO] 07:52:19:879 discordiador/(5461:5461): Hola, soy un valor
[INFO] 07:53:14:964 discordiador/(5513:5513): soy un log
[INFO] 07:53:14:966 discordiador/(5513:5513): Hola, soy un valor
[INFO] 07:53:14:968 discordiador/(5513:5513): Hola, soy un valor
[INFO] 07:53:48:22 discordiador/(5550:5550): soy un log
[INFO] 07:53:48:26 discordiador/(5550:5550): Hola, soy un valor
[INFO] 07:53:48:26 discordiador/(5550:5550): Hola, soy un valor
[INFO] 07:54:40:925 discordiador/(5616:5616): soy un log
[INFO] 07:54:40:927 discordiador/(5616:5616): Hola, soy un valor
[INFO] 07:54:40:928 discordiador/(5616:5616): Hola, soy un valor
[INFO] 07:54:48:409 discordiador/(5626:5626): soy un log
[INFO] 07:54:48:410 discordiador/(5626:5626): Hola, soy un valor
[INFO] 07:54:48:412 discordiador/(5626:5626): Hola, soy un valor
[INFO] 07:56:30:341 discordiador/(5699:5699): soy un log
[INFO] 07:56:30:343 discordiador/(5699:5699): Hola, soy un valor
[INFO] 07:56:30:344 discordiador/(5699:5699): Hola, soy un valor
[INFO] 07:57:11:231 discordiador/(5743:5743): soy un log
[INFO] 07:57:11:233 discordiador/(5743:5743): Hola, soy un valor
[INFO] 07:57:11:234 discordiador/(5743:5743): Hola, soy un valor
[INFO] 08:03:16:983 discordiador/(6237:6237): soy un log
[INFO] 08:03:16:984 discordiador/(6237:6237): Hola, soy un valor
[INFO] 08:03:16:985 discordiador/(6237:6237): Hola, soy un valor
[INFO] 08:08:07:19 discordiador/(6385:6385): soy un log
[INFO] 08:08:07:21 discordiador/(6385:6385): Hola, soy un valor
[INFO] 08:08:07:23 discordiador/(6385:6385): Hola, soy un valor
[INFO] 08:09:14:779 discordiador/(6460:6460): soy un log
[INFO] 08:09:14:781 discordiador/(6460:6460): Hola, soy un valor
[INFO] 08:09:14:788 discordiador/(6460:6460): Hola, soy un valor
[INFO] 08:12:15:728 discordiador/(6900:6900): soy un log
[INFO] 08:12:15:730 discordiador/(6900:6900): Hola, soy un valor
[INFO] 08:12:15:730 discordiador/(6900:6900): Hola, soy un valor
[INFO] 08:16:18:214 discordiador/(6981:6981): soy un log
[INFO] 08:16:18:214 discordiador/(6981:6981): Hola, soy un valor
[INFO] 08:16:18:214 discordiador/(6981:6981): Hola, soy un valor
[INFO] 08:16:59:113 discordiador/(7009:7009): soy un log
[INFO] 08:16:59:115 discordiador/(7009:7009): Hola, soy un valor
[INFO] 08:16:59:115 discordiador/(7009:7009): Hola, soy un valor
[INFO] 08:18:15:412 discordiador/(7075:7075): soy un log
[INFO] 08:18:15:414 discordiador/(7075:7075): Hola, soy un valor
[INFO] 08:18:15:414 discordiador/(7075:7075): Hola, soy un valor
[INFO] 08:20:19:638 discordiador/(7184:7184): soy un log
[INFO] 08:20:19:641 discordiador/(7184:7184): Hola, soy un valor
[INFO] 08:20:19:641 discordiador/(7184:7184): Hola, soy un valor
[INFO] 08:20:19:641 discordiador/(7184:7184): 127.0.0.1
[INFO] 08:20:19:641 discordiador/(7184:7184): 4444
[INFO] 19:31:14:334 discordiador/(7723:7723): soy un log
[INFO] 19:31:14:336 discordiador/(7723:7723): Hola, soy un valor
[INFO] 19:31:14:336 discordiador/(7723:7723): Hola, soy un valor
[INFO] 19:31:14:337 discordiador/(7723:7723): 127.0.0.1
[INFO] 19:31:14:337 discordiador/(7723:7723): 4444
[INFO] 19:33:02:149 discordiador/(7782:7782): soy un log
[INFO] 19:33:02:152 discordiador/(7782:7782): HolaSoyUnValor
[INFO] 19:33:02:152 discordiador/(7782:7782): HolaSoyUnValor
[INFO] 19:33:02:153 discordiador/(7782:7782): 127.0.0.1
[INFO] 19:33:02:153 discordiador/(7782:7782): 4444
[INFO] 19:43:37:230 discordiador/(7893:7893): soy un log
[INFO] 19:43:37:233 discordiador/(7893:7893): HolaSoyUnValor
[INFO] 19:43:37:233 discordiador/(7893:7893): HolaSoyUnValor
[INFO] 19:43:37:233 discordiador/(7893:7893): 127.0.0.1
[INFO] 19:43:37:233 discordiador/(7893:7893): 4444
[INFO] 19:52:35:805 discordiador/(8117:8117): soy un log
[INFO] 19:52:35:807 discordiador/(8117:8117): HolaSoyUnValor
[INFO] 19:52:35:807 discordiador/(8117:8117): HolaSoyUnValor
[INFO] 19:52:35:807 discordiador/(8117:8117): 127.0.0.1
[INFO] 19:52:35:807 discordiador/(8117:8117): 4444
[INFO] 19:53:29:540 discordiador/(8155:8155): soy un log
[INFO] 19:53:29:543 discordiador/(8155:8155): HolaSoyUnValor
[INFO] 19:53:29:544 discordiador/(8155:8155): HolaSoyUnValor
[INFO] 19:53:29:544 discordiador/(8155:8155): 127.0.0.1
[INFO] 19:53:29:544 discordiador/(8155:8155): 4444
[INFO] 19:55:03:162 discordiador/(8226:8226): soy un log
[INFO] 19:55:03:165 discordiador/(8226:8226): HolaSoyUnValor
[INFO] 19:55:03:165 discordiador/(8226:8226): HolaSoyUnValor
[INFO] 19:55:03:165 discordiador/(8226:8226): 127.0.0.1
[INFO] 19:55:03:165 discordiador/(8226:8226): 4444
[INFO] 19:55:03:165 discordiador/(8226:8226): HolaSoyUnValor
[INFO] 19:56:49:263 discordiador/(8324:8324): soy un log
[INFO] 19:56:49:265 discordiador/(8324:8324): HolaSoyUnValor
[INFO] 19:56:49:265 discordiador/(8324:8324): HolaSoyUnValor
[INFO] 19:56:49:265 discordiador/(8324:8324): 127.0.0.1
[INFO] 19:56:49:265 discordiador/(8324:8324): 4444
[INFO] 19:56:49:265 discordiador/(8324:8324): HolaSoyUnValor
[INFO] 19:59:52:913 discordiador/(8382:8382): soy un log
[INFO] 19:59:52:916 discordiador/(8382:8382): HolaSoyUnValor
[INFO] 19:59:52:916 discordiador/(8382:8382): HolaSoyUnValor
[INFO] 19:59:52:916 discordiador/(8382:8382): 127.0.0.1
[INFO] 19:59:52:916 discordiador/(8382:8382): 4444
[INFO] 19:59:52:916 discordiador/(8382:8382): HolaSoyUnValor
[INFO] 20:02:52:616 discordiador/(8461:8461): soy un log
[INFO] 20:02:52:619 discordiador/(8461:8461): HolaSoyUnValor
[INFO] 20:02:52:620 discordiador/(8461:8461): HolaSoyUnValor
[INFO] 20:02:52:620 discordiador/(8461:8461): 127.0.0.1
[INFO] 20:02:52:622 discordiador/(8461:8461): 4444
[INFO] 20:02:52:622 discordiador/(8461:8461): HolaSoyUnValor
[INFO] 20:04:43:990 discordiador/(9059:9059): soy un log
[INFO] 20:04:43:992 discordiador/(9059:9059): HolaSoyUnValor
[INFO] 20:04:43:999 discordiador/(9059:9059): HolaSoyUnValor
[INFO] 20:04:43:999 discordiador/(9059:9059): 127.0.0.1
[INFO] 20:04:43:0 discordiador/(9059:9059): 4444
[INFO] 20:04:43:0 discordiador/(9059:9059): HolaSoyUnValor
[INFO] 20:14:13:506 discordiador/(9190:9190): soy un log
[INFO] 20:14:13:508 discordiador/(9190:9190): HolaSoyUnValor
[INFO] 20:14:13:508 discordiador/(9190:9190): HolaSoyUnValor
[INFO] 20:14:13:508 discordiador/(9190:9190): 127.0.0.1
[INFO] 20:14:13:508 discordiador/(9190:9190): 4444
[INFO] 20:14:13:508 discordiador/(9190:9190): HolaSoyUnValor
[INFO] 20:18:54:23 discordiador/(9306:9306): soy un log
[INFO] 20:18:54:25 discordiador/(9306:9306): HolaSoyUnValor
[INFO] 20:18:54:25 discordiador/(9306:9306): HolaSoyUnValor
[INFO] 20:18:54:25 discordiador/(9306:9306): 127.0.0.1
[INFO] 20:18:54:25 discordiador/(9306:9306): 4444
[INFO] 20:18:54:25 discordiador/(9306:9306): HolaSoyUnValor
[INFO] 20:19:51:686 discordiador/(9371:9371): soy un log
[INFO] 20:19:51:688 discordiador/(9371:9371): HolaSoyUnValor
[INFO] 20:19:51:689 discordiador/(9371:9371): HolaSoyUnValor
[INFO] 20:19:51:689 discordiador/(9371:9371): 127.0.0.1
[INFO] 20:19:51:689 discordiador/(9371:9371): 4444
[INFO] 20:19:51:689 discordiador/(9371:9371): HolaSoyUnValor
[INFO] 20:24:18:152 discordiador/(9680:9680): soy un log
[INFO] 20:24:18:155 discordiador/(9680:9680): HolaSoyUnValor
[INFO] 20:24:18:155 discordiador/(9680:9680): HolaSoyUnValor
[INFO] 20:24:18:155 discordiador/(9680:9680): 127.0.0.1
[INFO] 20:24:18:155 discordiador/(9680:9680): 4444
[INFO] 20:24:18:156 discordiador/(9680:9680): HolaSoyUnValor
[INFO] 20:25:22:814 discordiador/(9739:9739): soy un log
[INFO] 20:25:22:824 discordiador/(9739:9739): HolaSoyUnValor
[INFO] 20:25:22:825 discordiador/(9739:9739): HolaSoyUnValor
[INFO] 20:25:22:826 discordiador/(9739:9739): 127.0.0.1
[INFO] 20:25:22:826 discordiador/(9739:9739): 4444
[INFO] 20:25:22:828 discordiador/(9739:9739): HolaSoyUnValor
[INFO] 20:28:30:838 discordiador/(9831:9831): soy un log
[INFO] 20:28:30:839 discordiador/(9831:9831): HolaSoyUnValor
[INFO] 20:28:30:839 discordiador/(9831:9831): HolaSoyUnValor
[INFO] 20:28:30:839 discordiador/(9831:9831): 127.0.0.1
[INFO] 20:28:30:839 discordiador/(9831:9831): 4444
[INFO] 20:28:30:839 discordiador/(9831:9831): HolaSoyUnValor
[INFO] 20:31:20:814 discordiador/(9895:9895): soy un log
[INFO] 20:31:20:816 discordiador/(9895:9895): HolaSoyUnValor
[INFO] 20:31:20:817 discordiador/(9895:9895): HolaSoyUnValor
[INFO] 20:31:20:817 discordiador/(9895:9895): 127.0.0.1
[INFO] 20:31:20:817 discordiador/(9895:9895): 4444
[INFO] 20:31:20:818 discordiador/(9895:9895): HolaSoyUnValor
[INFO] 20:31:24:951 discordiador/(9904:9904): soy un log
[INFO] 20:31:24:953 discordiador/(9904:9904): HolaSoyUnValor
[INFO] 20:31:24:953 discordiador/(9904:9904): HolaSoyUnValor
[INFO] 20:31:24:953 discordiador/(9904:9904): 127.0.0.1
[INFO] 20:31:24:954 discordiador/(9904:9904): 4444
[INFO] 20:31:24:955 discordiador/(9904:9904): HolaSoyUnValor
[INFO] 21:12:11:677 discordiador/(11192:11192): soy un log
[INFO] 21:12:11:679 discordiador/(11192:11192): HolaSoyUnValor
[INFO] 21:12:11:680 discordiador/(11192:11192): HolaSoyUnValor
[INFO] 21:12:11:680 discordiador/(11192:11192): 127.0.0.1
[INFO] 21:12:11:680 discordiador/(11192:11192): 4444
[INFO] 21:12:11:681 discordiador/(11192:11192): HolaSoyUnValor
