[INFO] 12:31:57:046 DISCORDIADOR/(18208:18208): Soy el discordiador! Hice uso de la shared!
[INFO] 12:34:01:179 DISCORDIADOR/(18472:18472): Soy el discordiador! Hice uso de la shared!
[INFO] 12:34:17:329 DISCORDIADOR/(18529:18529): Soy el discordiador! Hice uso de la shared!
[INFO] 12:34:39:017 DISCORDIADOR/(18602:18602): Soy el discordiador! Hice uso de la shared!
[INFO] 12:35:18:391 DISCORDIADOR/(18708:18708): Soy el discordiador! Hice uso de la shared!
[INFO] 12:35:27:427 DISCORDIADOR/(18743:18743): Soy el discordiador! Hice uso de la shared!
[INFO] 12:35:49:444 DISCORDIADOR/(18812:18812): Soy el discordiador! Hice uso de la shared!
[INFO] 12:36:06:148 DISCORDIADOR/(18872:18872): Soy el discordiador! Hice uso de la shared!
[INFO] 12:36:20:199 DISCORDIADOR/(18934:18934): Soy el discordiador! Hice uso de la shared!
[INFO] 12:37:07:401 DISCORDIADOR/(19062:19062): Soy el discordiador! Hice uso de la shared!
[INFO] 12:37:59:291 DISCORDIADOR/(19195:19195): Soy el discordiador! Hice uso de la shared!
[INFO] 12:38:55:912 DISCORDIADOR/(19335:19335): Soy el discordiador! Hice uso de la shared!
[INFO] 12:39:17:417 DISCORDIADOR/(19389:19389): Soy el discordiador! Hice uso de la shared!
[INFO] 12:39:52:017 DISCORDIADOR/(19488:19488): Soy el discordiador! Hice uso de la shared!
[INFO] 12:40:14:683 DISCORDIADOR/(19561:19561): Soy el discordiador! Hice uso de la shared!
[INFO] 12:40:31:497 DISCORDIADOR/(19621:19621): Soy el discordiador! Hice uso de la shared!
[INFO] 12:40:51:276 DISCORDIADOR/(19683:19683): Soy el discordiador! Hice uso de la shared!
[INFO] 12:41:55:442 DISCORDIADOR/(19850:19850): Soy el discordiador! Hice uso de la shared!
[INFO] 12:42:12:698 DISCORDIADOR/(19914:19914): Soy el discordiador! Hice uso de la shared!
[INFO] 12:42:32:933 DISCORDIADOR/(19999:19999): Soy el discordiador! Hice uso de la shared!
[INFO] 12:42:49:555 DISCORDIADOR/(20054:20054): Soy el discordiador! Hice uso de la shared!
[INFO] 12:42:58:587 DISCORDIADOR/(20107:20107): Soy el discordiador! Hice uso de la shared!
[INFO] 12:43:10:939 DISCORDIADOR/(20156:20156): Soy el discordiador! Hice uso de la shared!
[INFO] 12:43:32:061 DISCORDIADOR/(20222:20222): Soy el discordiador! Hice uso de la shared!
[INFO] 12:43:38:308 DISCORDIADOR/(20250:20250): Soy el discordiador! Hice uso de la shared!
[INFO] 13:00:30:175 DISCORDIADOR/(22638:22638): Soy el discordiador! Hice uso de la shared!
[INFO] 13:02:33:086 DISCORDIADOR/(22905:22905): Soy el discordiador! Hice uso de la shared!
[INFO] 13:03:09:115 DISCORDIADOR/(22998:22998): Soy el discordiador! Hice uso de la shared!
[INFO] 20:08:48:198 DISCORDIADOR/(8659:8659): Soy el discordiador! Hice uso de la shared!
[INFO] 20:08:48:198 DISCORDIADOR/(8659:8659): soy un log
[INFO] 20:08:48:205 DISCORDIADOR/(8659:8659): HolaSoyUnValor
[INFO] 20:08:48:205 DISCORDIADOR/(8659:8659): HolaSoyUnValor
[INFO] 20:08:48:205 DISCORDIADOR/(8659:8659): 127.0.0.1
[INFO] 20:08:48:205 DISCORDIADOR/(8659:8659): 4444
[INFO] 20:08:48:205 DISCORDIADOR/(8659:8659): HolaSoyUnValor
[INFO] 20:23:54:541 DISCORDIADOR/(30182:30182): Soy el discordiador! Hice uso de la shared!
[INFO] 20:23:54:541 DISCORDIADOR/(30182:30182): soy un log
[INFO] 20:23:54:542 DISCORDIADOR/(30182:30182): HolaSoyUnValor
[INFO] 20:23:54:542 DISCORDIADOR/(30182:30182): HolaSoyUnValor
[INFO] 20:23:54:548 DISCORDIADOR/(30182:30182): 127.0.0.1
[INFO] 20:23:54:548 DISCORDIADOR/(30182:30182): 4444
[INFO] 20:23:54:549 DISCORDIADOR/(30182:30182): HolaSoyUnValor
