<<<<<<< HEAD
=======
<<<<<<< HEAD
[INFO] 20:47:21:583 Mi RAM HQ/(14768:14768): Soy el mi ram hq! Hice uso de la shared!
[INFO] 20:47:38:938 Mi RAM HQ/(14787:14787): Soy el mi ram hq! Hice uso de la shared!
[INFO] 01:01:57:582 Mi RAM HQ/(2617:2617): Soy el mi ram hq! Hice uso de la shared!
=======
[INFO] 13:31:05:400 Mi RAM HQ/(27258:27258): Soy el mi ram hq! Hice uso de la shared!
[INFO] 13:32:43:033 Mi RAM HQ/(27503:27503): Soy el mi ram hq! Hice uso de la shared!
[INFO] 13:33:19:524 Mi RAM HQ/(27606:27606): Soy el mi ram hq! Hice uso de la shared!
[INFO] 13:52:15:708 MIRAMHQ/(30507:30507): Soy el Mi-RAMar en HD! Hice uso de la shared!
[INFO] 15:30:51:280 miramhq/(3610:3610): Soy el Mi-RAMar en HD! Hice uso de la shared!
[INFO] 15:32:08:989 miramhq/(3688:3688): Soy el Mi-RAMar en HD! Hice uso de la shared!
[INFO] 15:36:25:396 MIRAMHQ/(4414:4414): Soy el Mi-RAMar en HD! Hice uso de la shared!
[INFO] 15:37:41:604 MIRAMHQ/(4660:4660): Soy el Mi-RAMar en HD! Hice uso de la shared!
[INFO] 15:39:57:052 MIRAMHQ/(4963:4963): Soy el Mi-RAMar en HD! Hice uso de la shared!
[INFO] 15:43:18:716 MIRAMHQ/(5629:5629): Soy el Mi-RAMar en HD! Hice uso de la shared!
[INFO] 15:43:18:717 MIRAMHQ/(5629:5629): HolaSoyMiRAMar
[INFO] 15:43:50:821 MIRAMHQ/(5726:5726): Soy el Mi-RAMar en HD! Hice uso de la shared!
[INFO] 15:43:50:823 MIRAMHQ/(5726:5726): HolaSoyMiRAMar
[INFO] 15:44:28:362 MIRAMHQ/(5843:5843): Soy el Mi-RAMar en HD! Hice uso de la shared!
[INFO] 15:44:28:363 MIRAMHQ/(5843:5843): HolaSoyMiRAMar
[INFO] 15:50:44:540 MIRAMHQ/(6605:6605): Soy el Mi-RAMar en HD! Hice uso de la shared!
[INFO] 15:50:44:540 MIRAMHQ/(6605:6605): HolaSoyMiRAMar
[INFO] 15:50:58:925 MIRAMHQ/(6659:6659): Soy el Mi-RAMar en HD! Hice uso de la shared!
[INFO] 15:50:58:925 MIRAMHQ/(6659:6659): HolaSoyMiRAMar
[INFO] 15:51:23:370 MIRAMHQ/(6737:6737): Soy el Mi-RAMar en HD! Hice uso de la shared!
[INFO] 15:51:35:578 MIRAMHQ/(6801:6801): Soy el Mi-RAMar en HD! Hice uso de la shared!
[INFO] 15:51:35:579 MIRAMHQ/(6801:6801): HolaSoyMiRAMar
[INFO] 15:53:21:148 MIRAMHQ/(7042:7042): Soy el Mi-RAMar en HD! Hice uso de la shared!
[INFO] 15:53:21:149 MIRAMHQ/(7042:7042): HolaSoyMiRAMar
[INFO] 15:55:30:596 MIRAMHQ/(7396:7396): Soy el Mi-RAMar en HD! Hice uso de la shared!
[INFO] 15:55:30:598 MIRAMHQ/(7396:7396): HolaSoyMiRAMar
[INFO] 15:56:37:778 MIRAMHQ/(7560:7560): Soy el Mi-RAMar en HD! Hice uso de la shared!
[INFO] 15:56:37:778 MIRAMHQ/(7560:7560): HolaSoyMiRAMar
[INFO] 15:56:41:108 MIRAMHQ/(7585:7585): Soy el Mi-RAMar en HD! Hice uso de la shared!
[INFO] 15:56:41:110 MIRAMHQ/(7585:7585): HolaSoyMiRAMar
[INFO] 15:56:57:242 MIRAMHQ/(7641:7641): Soy el Mi-RAMar en HD! Hice uso de la shared!
[INFO] 15:56:57:243 MIRAMHQ/(7641:7641): 127.0.0.1
[INFO] 15:57:07:112 MIRAMHQ/(7687:7687): Soy el Mi-RAMar en HD! Hice uso de la shared!
[INFO] 15:57:07:114 MIRAMHQ/(7687:7687): 4444
[INFO] 15:58:25:372 MIRAMHQ/(7867:7867): Soy el Mi-RAMar en HD! Hice uso de la shared!
[INFO] 15:58:25:373 MIRAMHQ/(7867:7867): HolaSoyMiRAMar
[INFO] 15:58:45:516 MIRAMHQ/(7933:7933): Soy el Mi-RAMar en HD! Hice uso de la shared!
[INFO] 15:58:45:517 MIRAMHQ/(7933:7933): HolaSoyMiRAMar
[INFO] 15:59:14:563 MIRAMHQ/(8032:8032): Soy el Mi-RAMar en HD! Hice uso de la shared!
[INFO] 15:59:14:564 MIRAMHQ/(8032:8032): HolaSoyMiRAMar
[INFO] 15:59:16:714 MIRAMHQ/(8049:8049): Soy el Mi-RAMar en HD! Hice uso de la shared!
[INFO] 15:59:16:717 MIRAMHQ/(8049:8049): HolaSoyMiRAMar
[INFO] 15:59:35:052 MIRAMHQ/(8113:8113): Soy el Mi-RAMar en HD! Hice uso de la shared!
[INFO] 15:59:35:053 MIRAMHQ/(8113:8113): HolaSoyMiRAMar
[INFO] 15:59:36:454 MIRAMHQ/(8129:8129): Soy el Mi-RAMar en HD! Hice uso de la shared!
[INFO] 15:59:36:456 MIRAMHQ/(8129:8129): HolaSoyMiRAMar
[INFO] 16:02:10:984 MIRAMHQ/(8501:8501): Soy el Mi-RAMar en HD! Hice uso de la shared!
[INFO] 16:02:10:985 MIRAMHQ/(8501:8501): HolaSoyMiRAMar
[INFO] 20:09:33:722 MIRAMHQ/(8807:8807): Soy el Mi-RAMar en HD! Hice uso de la shared!
[INFO] 20:09:33:761 MIRAMHQ/(8807:8807): HolaSoyMiRAMar
[INFO] 20:12:37:930 MIRAMHQ/(9204:9204): Soy el Mi-RAMar en HD! Hice uso de la shared!
[INFO] 20:12:37:979 MIRAMHQ/(9204:9204): HolaSoyMiRAMar
[INFO] 20:13:31:691 MIRAMHQ/(9336:9336): Soy el Mi-RAMar en HD! Hice uso de la shared!
[INFO] 20:13:31:739 MIRAMHQ/(9336:9336): HolaSoyMiRAMar
[INFO] 20:13:47:752 MIRAMHQ/(9378:9378): Soy el Mi-RAMar en HD! Hice uso de la shared!
[INFO] 20:13:47:783 MIRAMHQ/(9378:9378): HolaSoyMiRAMar
[INFO] 20:32:20:873 MIRAMHQ/(12033:12033): Soy el Mi-RAMar en HD! Hice uso de la shared!
[INFO] 20:32:20:895 MIRAMHQ/(12033:12033): HolaSoyMiRAMar
[INFO] 20:33:22:764 MIRAMHQ/(12188:12188): Soy el Mi-RAMar en HD! Hice uso de la shared!
[INFO] 20:33:22:786 MIRAMHQ/(12188:12188): HolaSoyMiRAMar
[INFO] 20:33:27:894 MIRAMHQ/(12213:12213): Soy el Mi-RAMar en HD! Hice uso de la shared!
[INFO] 20:33:27:895 MIRAMHQ/(12213:12213): HolaSoyMiRAMar
[INFO] 20:33:58:460 MIRAMHQ/(12298:12298): Soy el Mi-RAMar en HD! Hice uso de la shared!
[INFO] 20:33:58:462 MIRAMHQ/(12298:12298): HolaSoyMiRAMar
[INFO] 20:34:01:117 MIRAMHQ/(12314:12314): Soy el Mi-RAMar en HD! Hice uso de la shared!
[INFO] 20:34:01:149 MIRAMHQ/(12314:12314): HolaSoyMiRAMar
[INFO] 20:34:04:358 MIRAMHQ/(12332:12332): Soy el Mi-RAMar en HD! Hice uso de la shared!
[INFO] 20:34:04:404 MIRAMHQ/(12332:12332): HolaSoyMiRAMar
[INFO] 20:35:07:993 MIRAMHQ/(12494:12494): Soy el Mi-RAMar en HD! Hice uso de la shared!
[INFO] 20:35:07:993 MIRAMHQ/(12494:12494): HolaSoyMiRAMar
[INFO] 19:37:06:367 MIRAMHQ/(23051:23051): Soy el Mi-RAMar en HD! Hice uso de la shared!
[INFO] 19:37:06:368 MIRAMHQ/(23051:23051): HolaSoyMiRAMar
[INFO] 19:39:46:282 MIRAMHQ/(23451:23451): Soy el Mi-RAMar en HD! Hice uso de la shared!
[INFO] 19:39:46:283 MIRAMHQ/(23451:23451): HolaSoyMiRAMar
[INFO] 19:39:48:414 MIRAMHQ/(23459:23459): Soy el Mi-RAMar en HD! Hice uso de la shared!
[INFO] 19:39:48:415 MIRAMHQ/(23459:23459): HolaSoyMiRAMar
[INFO] 19:54:10:254 MIRAMHQ/(25295:25295): Soy el Mi-RAMar en HD! Hice uso de la shared!
[INFO] 19:54:48:174 MIRAMHQ/(25295:25295): HolaSoyMiRAMar
[INFO] 19:55:17:905 MIRAMHQ/(25504:25504): Soy el Mi-RAMar en HD! Hice uso de la shared!
[INFO] 19:55:27:224 MIRAMHQ/(25504:25504): HolaSoyMiRAMar
[INFO] 19:57:36:298 MIRAMHQ/(25859:25859): Soy el Mi-RAMar en HD! Hice uso de la shared!
[INFO] 19:57:49:087 MIRAMHQ/(25859:25859): HolaSoyMiRAMar
[INFO] 20:00:12:726 MIRAMHQ/(26197:26197): Soy el Mi-RAMar en HD! Hice uso de la shared!
[INFO] 20:00:12:727 MIRAMHQ/(26197:26197): HolaSoyMiRAMar
[INFO] 20:02:06:146 MIRAMHQ/(26504:26504): Soy el Mi-RAMar en HD! Hice uso de la shared!
[INFO] 20:02:06:147 MIRAMHQ/(26504:26504): HolaSoyMiRAMar
[INFO] 20:03:25:261 MIRAMHQ/(26739:26739): Soy el Mi-RAMar en HD! Hice uso de la shared!
[INFO] 20:03:25:261 MIRAMHQ/(26739:26739): HolaSoyMiRAMar
[INFO] 20:04:56:059 MIRAMHQ/(27003:27003): Soy el Mi-RAMar en HD! Hice uso de la shared!
[INFO] 20:04:56:059 MIRAMHQ/(27003:27003): HolaSoyMiRAMar
[INFO] 20:05:51:842 MIRAMHQ/(27212:27212): Soy el Mi-RAMar en HD! Hice uso de la shared!
[INFO] 20:05:51:843 MIRAMHQ/(27212:27212): HolaSoyMiRAMar
[INFO] 20:10:27:374 MIRAMHQ/(28230:28230): Soy el Mi-RAMar en HD! Hice uso de la shared!
[INFO] 20:10:27:374 MIRAMHQ/(28230:28230): HolaSoyMiRAMar
[INFO] 20:12:28:258 MIRAMHQ/(28544:28544): Soy el Mi-RAMar en HD! Hice uso de la shared!
[INFO] 20:12:28:259 MIRAMHQ/(28544:28544): HolaSoyMiRAMar
[INFO] 20:14:12:122 MIRAMHQ/(28847:28847): Soy el Mi-RAMar en HD! Hice uso de la shared!
[INFO] 20:14:12:123 MIRAMHQ/(28847:28847): HolaSoyMiRAMar
[INFO] 20:16:27:076 MIRAMHQ/(29154:29154): Soy el Mi-RAMar en HD! Hice uso de la shared!
[INFO] 20:16:27:076 MIRAMHQ/(29154:29154): HolaSoyMiRAMar
[INFO] 20:17:59:493 MIRAMHQ/(29383:29383): Soy el Mi-RAMar en HD! Hice uso de la shared!
[INFO] 20:17:59:494 MIRAMHQ/(29383:29383): HolaSoyMiRAMar
[INFO] 20:18:06:705 MIRAMHQ/(29430:29430): Soy el Mi-RAMar en HD! Hice uso de la shared!
[INFO] 20:18:06:711 MIRAMHQ/(29430:29430): HolaSoyMiRAMar
[INFO] 20:24:01:422 MIRAMHQ/(30212:30212): Soy el Mi-RAMar en HD! Hice uso de la shared!
[INFO] 20:24:01:423 MIRAMHQ/(30212:30212): HolaSoyMiRAMar
>>>>>>> 522ee03dbce4d3a36dd32af226b70488c0200ba8
>>>>>>> ea3e182c956f8fcb92036db4f2ae1a05962e2295
[INFO] 14:49:18:625 MIRAMHQ/(10625:10625): Listo para escuchar a mi cliente
[INFO] 14:49:47:365 MIRAMHQ/(10678:10678): Listo para escuchar a mi cliente
[INFO] 14:51:05:158 MIRAMHQ/(10769:10769): Listo para escuchar a mi cliente
[INFO] 14:51:18:442 MIRAMHQ/(10801:10801): Listo para escuchar a mi cliente
[INFO] 14:52:20:147 MIRAMHQ/(10859:10859): Listo para escuchar a mi cliente
[INFO] 14:58:45:673 MIRAMHQ/(11426:11426): Listo para escuchar a mi cliente
[INFO] 14:58:56:688 MIRAMHQ/(11474:11474): Listo para escuchar a mi cliente
[INFO] 14:59:03:243 MIRAMHQ/(11474:11474): Se conecto un cliente!
[INFO] 14:59:05:243 MIRAMHQ/(11474:11474): Se conecto un cliente!
[INFO] 14:59:07:248 MIRAMHQ/(11474:11474): Se conecto un cliente!
[INFO] 14:59:09:249 MIRAMHQ/(11474:11474): Se conecto un cliente!
[INFO] 14:59:11:250 MIRAMHQ/(11474:11474): Se conecto un cliente!
[INFO] 14:59:13:252 MIRAMHQ/(11474:11474): Se conecto un cliente!
[INFO] 14:59:15:254 MIRAMHQ/(11474:11474): Se conecto un cliente!
[INFO] 15:00:29:986 MIRAMHQ/(11604:11604): Listo para escuchar a mi cliente
